0 info it worked if it ends with ok
1 verbose cli [ '/Users/jaye412/.nvm/versions/node/v7.0.0/bin/node',
1 verbose cli   '/Users/jaye412/.nvm/versions/node/v7.0.0/bin/npm',
1 verbose cli   'start' ]
2 info using npm@3.10.8
3 info using node@v7.0.0
4 verbose run-script [ 'prestart', 'start', 'poststart' ]
5 info lifecycle rnr@1.0.0~prestart: rnr@1.0.0
6 silly lifecycle rnr@1.0.0~prestart: no script for prestart, continuing
7 info lifecycle rnr@1.0.0~start: rnr@1.0.0
8 verbose lifecycle rnr@1.0.0~start: unsafe-perm in lifecycle true
9 verbose lifecycle rnr@1.0.0~start: PATH: /Users/jaye412/.nvm/versions/node/v7.0.0/lib/node_modules/npm/bin/node-gyp-bin:/Users/jaye412/www/rnr/node_modules/.bin:/Users/jaye412/.pyenv/shims:/Users/jaye412/.pyenv/bin:/usr/local/sbin:/Users/jaye412/.rbenv/shims:/Users/jaye412/.rbenv/bin:/usr/local/bin:/Users/jaye412/mongodb/bin:/Users/jaye412/.sdkman/candidates/groovy/current/bin:/Users/jaye412/.sdkman/candidates/gradle/current/bin:/Users/jaye412/.phpbrew/php/php-5.6.11/bin:/Users/jaye412/.phpbrew/bin:~/.composer/vendor/bin:/usr/local/heroku/bin:/Users/jaye412/.nvm/versions/node/v7.0.0/bin:/usr/bin:/bin:/usr/sbin:/sbin:/usr/local/bin:/opt/X11/bin
10 verbose lifecycle rnr@1.0.0~start: CWD: /Users/jaye412/www/rnr
11 silly lifecycle rnr@1.0.0~start: Args: [ '-c', 'babel-node src/server.js' ]
12 silly lifecycle rnr@1.0.0~start: Returned: code: 1  signal: null
13 info lifecycle rnr@1.0.0~start: Failed to exec start script
14 verbose stack Error: rnr@1.0.0 start: `babel-node src/server.js`
14 verbose stack Exit status 1
14 verbose stack     at EventEmitter.<anonymous> (/Users/jaye412/.nvm/versions/node/v7.0.0/lib/node_modules/npm/lib/utils/lifecycle.js:255:16)
14 verbose stack     at emitTwo (events.js:106:13)
14 verbose stack     at EventEmitter.emit (events.js:191:7)
14 verbose stack     at ChildProcess.<anonymous> (/Users/jaye412/.nvm/versions/node/v7.0.0/lib/node_modules/npm/lib/utils/spawn.js:40:14)
14 verbose stack     at emitTwo (events.js:106:13)
14 verbose stack     at ChildProcess.emit (events.js:191:7)
14 verbose stack     at maybeClose (internal/child_process.js:877:16)
14 verbose stack     at Process.ChildProcess._handle.onexit (internal/child_process.js:226:5)
15 verbose pkgid rnr@1.0.0
16 verbose cwd /Users/jaye412/www/rnr
17 error Darwin 15.6.0
18 error argv "/Users/jaye412/.nvm/versions/node/v7.0.0/bin/node" "/Users/jaye412/.nvm/versions/node/v7.0.0/bin/npm" "start"
19 error node v7.0.0
20 error npm  v3.10.8
21 error code ELIFECYCLE
22 error rnr@1.0.0 start: `babel-node src/server.js`
22 error Exit status 1
23 error Failed at the rnr@1.0.0 start script 'babel-node src/server.js'.
23 error Make sure you have the latest version of node.js and npm installed.
23 error If you do, this is most likely a problem with the rnr package,
23 error not with npm itself.
23 error Tell the author that this fails on your system:
23 error     babel-node src/server.js
23 error You can get information on how to open an issue for this project with:
23 error     npm bugs rnr
23 error Or if that isn't available, you can get their info via:
23 error     npm owner ls rnr
23 error There is likely additional logging output above.
24 verbose exit [ 1, true ]
